<?xml version="1.0" encoding="UTF-8"?>
<testng-results ignored="0" total="1" passed="1" failed="0" skipped="0">
  <reporter-output>
  </reporter-output>
  <suite started-at="2025-09-19T12:54:17 IST" name="Default suite" finished-at="2025-09-19T12:54:22 IST" duration-ms="5403">
    <groups>
    </groups>
    <test started-at="2025-09-19T12:54:17 IST" name="Default test" finished-at="2025-09-19T12:54:22 IST" duration-ms="5403">
      <class name="MyPackaage.Test1">
        <test-method signature="a()[pri:0, instance:MyPackaage.Test1@2cd76f31]" started-at="2025-09-19T12:54:17 IST" name="a" finished-at="2025-09-19T12:54:22 IST" duration-ms="5294" status="PASS">
          <reporter-output>
          </reporter-output>
        </test-method> <!-- a -->
      </class> <!-- MyPackaage.Test1 -->
    </test> <!-- Default test -->
  </suite> <!-- Default suite -->
</testng-results>
